Analysis & Synthesis report for relogio
Mon Oct  7 16:20:37 2019
Quartus Prime Version 18.1.0 Build 625 09/12/2018 SJ Lite Edition


---------------------
; Table of Contents ;
---------------------
  1. Legal Notice
  2. Analysis & Synthesis Summary
  3. Analysis & Synthesis Settings
  4. Parallel Compilation
  5. Analysis & Synthesis Source Files Read
  6. Analysis & Synthesis Resource Usage Summary
  7. Analysis & Synthesis Resource Utilization by Entity
  8. General Register Statistics
  9. Multiplexer Restructuring Statistics (Restructuring Performed)
 10. Parameter Settings for User Entity Instance: Top-level Entity: |relogio
 11. Parameter Settings for User Entity Instance: memoria:ROM
 12. Parameter Settings for User Entity Instance: cpu:CPU
 13. Parameter Settings for User Entity Instance: cpu:CPU|registradorGenerico:Registrador_controle
 14. Parameter Settings for User Entity Instance: cpu:CPU|PCounter:PC
 15. Parameter Settings for User Entity Instance: cpu:CPU|muxGenerico2:MUX_ULA
 16. Parameter Settings for User Entity Instance: cpu:CPU|SOMADOR:SOMADOR
 17. Parameter Settings for User Entity Instance: cpu:CPU|bancoRegistradores:RAM
 18. Parameter Settings for User Entity Instance: IO:IO
 19. Parameter Settings for User Entity Instance: IO:IO|divisorGenerico:BASE_TEMPO50
 20. Parameter Settings for User Entity Instance: IO:IO|divisorGenerico:BASE_TEMPO5
 21. Parameter Settings for User Entity Instance: IO:IO|muxGenerico2:MUX_BASE_TEMPO
 22. Parameter Settings for User Entity Instance: IO:IO|registradorGenerico:Registrador
 23. Parameter Settings for User Entity Instance: DECODER:DECODER
 24. Parameter Settings for Inferred Entity Instance: conversorHex7SegUnidade:DISPLAY0|lpm_divide:Mod0
 25. Parameter Settings for Inferred Entity Instance: conversorHex7SegDecimal:DISPLAY1|lpm_divide:Div0
 26. Port Connectivity Checks: "DECODER:DECODER"
 27. Port Connectivity Checks: "cpu:CPU|muxGenerico2:MUX_ULA"
 28. Port Connectivity Checks: "cpu:CPU|registradorGenerico:Registrador_controle"
 29. Port Connectivity Checks: "cpu:CPU"
 30. Post-Synthesis Netlist Statistics for Top Partition
 31. Elapsed Time Per Partition
 32. Analysis & Synthesis Messages



----------------
; Legal Notice ;
----------------
Copyright (C) 2018  Intel Corporation. All rights reserved.
Your use of Intel Corporation's design tools, logic functions 
and other software and tools, and its AMPP partner logic 
functions, and any output files from any of the foregoing 
(including device programming or simulation files), and any 
associated documentation or information are expressly subject 
to the terms and conditions of the Intel Program License 
Subscription Agreement, the Intel Quartus Prime License Agreement,
the Intel FPGA IP License Agreement, or other applicable license
agreement, including, without limitation, that your use is for
the sole purpose of programming logic devices manufactured by
Intel and sold by Intel or its authorized distributors.  Please
refer to the applicable agreement for further details.



+----------------------------------------------------------------------------------+
; Analysis & Synthesis Summary                                                     ;
+------------------------------------+---------------------------------------------+
; Analysis & Synthesis Status        ; Successful - Mon Oct  7 16:20:37 2019       ;
; Quartus Prime Version              ; 18.1.0 Build 625 09/12/2018 SJ Lite Edition ;
; Revision Name                      ; relogio                                     ;
; Top-level Entity Name              ; relogio                                     ;
; Family                             ; Cyclone IV E                                ;
; Total logic elements               ; 712                                         ;
;     Total combinational functions  ; 592                                         ;
;     Dedicated logic registers      ; 189                                         ;
; Total registers                    ; 189                                         ;
; Total pins                         ; 105                                         ;
; Total virtual pins                 ; 0                                           ;
; Total memory bits                  ; 0                                           ;
; Embedded Multiplier 9-bit elements ; 0                                           ;
; Total PLLs                         ; 0                                           ;
+------------------------------------+---------------------------------------------+


+------------------------------------------------------------------------------------------------------------+
; Analysis & Synthesis Settings                                                                              ;
+------------------------------------------------------------------+--------------------+--------------------+
; Option                                                           ; Setting            ; Default Value      ;
+------------------------------------------------------------------+--------------------+--------------------+
; Device                                                           ; EP4CE115F29C7      ;                    ;
; Top-level entity name                                            ; relogio            ; relogio            ;
; Family name                                                      ; Cyclone IV E       ; Cyclone V          ;
; VHDL Show LMF Mapping Messages                                   ; Off                ;                    ;
; VHDL Version                                                     ; VHDL_2008          ; VHDL_1993          ;
; Use smart compilation                                            ; Off                ; Off                ;
; Enable parallel Assembler and Timing Analyzer during compilation ; On                 ; On                 ;
; Enable compact report table                                      ; Off                ; Off                ;
; Restructure Multiplexers                                         ; Auto               ; Auto               ;
; Create Debugging Nodes for IP Cores                              ; Off                ; Off                ;
; Preserve fewer node names                                        ; On                 ; On                 ;
; Intel FPGA IP Evaluation Mode                                    ; Enable             ; Enable             ;
; Verilog Version                                                  ; Verilog_2001       ; Verilog_2001       ;
; State Machine Processing                                         ; Auto               ; Auto               ;
; Safe State Machine                                               ; Off                ; Off                ;
; Extract Verilog State Machines                                   ; On                 ; On                 ;
; Extract VHDL State Machines                                      ; On                 ; On                 ;
; Ignore Verilog initial constructs                                ; Off                ; Off                ;
; Iteration limit for constant Verilog loops                       ; 5000               ; 5000               ;
; Iteration limit for non-constant Verilog loops                   ; 250                ; 250                ;
; Add Pass-Through Logic to Inferred RAMs                          ; On                 ; On                 ;
; Infer RAMs from Raw Logic                                        ; On                 ; On                 ;
; Parallel Synthesis                                               ; On                 ; On                 ;
; DSP Block Balancing                                              ; Auto               ; Auto               ;
; NOT Gate Push-Back                                               ; On                 ; On                 ;
; Power-Up Don't Care                                              ; On                 ; On                 ;
; Remove Redundant Logic Cells                                     ; Off                ; Off                ;
; Remove Duplicate Registers                                       ; On                 ; On                 ;
; Ignore CARRY Buffers                                             ; Off                ; Off                ;
; Ignore CASCADE Buffers                                           ; Off                ; Off                ;
; Ignore GLOBAL Buffers                                            ; Off                ; Off                ;
; Ignore ROW GLOBAL Buffers                                        ; Off                ; Off                ;
; Ignore LCELL Buffers                                             ; Off                ; Off                ;
; Ignore SOFT Buffers                                              ; On                 ; On                 ;
; Limit AHDL Integers to 32 Bits                                   ; Off                ; Off                ;
; Optimization Technique                                           ; Balanced           ; Balanced           ;
; Carry Chain Length                                               ; 70                 ; 70                 ;
; Auto Carry Chains                                                ; On                 ; On                 ;
; Auto Open-Drain Pins                                             ; On                 ; On                 ;
; Perform WYSIWYG Primitive Resynthesis                            ; Off                ; Off                ;
; Auto ROM Replacement                                             ; On                 ; On                 ;
; Auto RAM Replacement                                             ; On                 ; On                 ;
; Auto DSP Block Replacement                                       ; On                 ; On                 ;
; Auto Shift Register Replacement                                  ; Auto               ; Auto               ;
; Allow Shift Register Merging across Hierarchies                  ; Auto               ; Auto               ;
; Auto Clock Enable Replacement                                    ; On                 ; On                 ;
; Strict RAM Replacement                                           ; Off                ; Off                ;
; Allow Synchronous Control Signals                                ; On                 ; On                 ;
; Force Use of Synchronous Clear Signals                           ; Off                ; Off                ;
; Auto RAM Block Balancing                                         ; On                 ; On                 ;
; Auto RAM to Logic Cell Conversion                                ; Off                ; Off                ;
; Auto Resource Sharing                                            ; Off                ; Off                ;
; Allow Any RAM Size For Recognition                               ; Off                ; Off                ;
; Allow Any ROM Size For Recognition                               ; Off                ; Off                ;
; Allow Any Shift Register Size For Recognition                    ; Off                ; Off                ;
; Use LogicLock Constraints during Resource Balancing              ; On                 ; On                 ;
; Ignore translate_off and synthesis_off directives                ; Off                ; Off                ;
; Timing-Driven Synthesis                                          ; On                 ; On                 ;
; Report Parameter Settings                                        ; On                 ; On                 ;
; Report Source Assignments                                        ; On                 ; On                 ;
; Report Connectivity Checks                                       ; On                 ; On                 ;
; Ignore Maximum Fan-Out Assignments                               ; Off                ; Off                ;
; Synchronization Register Chain Length                            ; 2                  ; 2                  ;
; Power Optimization During Synthesis                              ; Normal compilation ; Normal compilation ;
; HDL message level                                                ; Level2             ; Level2             ;
; Suppress Register Optimization Related Messages                  ; Off                ; Off                ;
; Number of Removed Registers Reported in Synthesis Report         ; 5000               ; 5000               ;
; Number of Swept Nodes Reported in Synthesis Report               ; 5000               ; 5000               ;
; Number of Inverted Registers Reported in Synthesis Report        ; 100                ; 100                ;
; Clock MUX Protection                                             ; On                 ; On                 ;
; Auto Gated Clock Conversion                                      ; Off                ; Off                ;
; Block Design Naming                                              ; Auto               ; Auto               ;
; SDC constraint protection                                        ; Off                ; Off                ;
; Synthesis Effort                                                 ; Auto               ; Auto               ;
; Shift Register Replacement - Allow Asynchronous Clear Signal     ; On                 ; On                 ;
; Pre-Mapping Resynthesis Optimization                             ; Off                ; Off                ;
; Analysis & Synthesis Message Level                               ; Medium             ; Medium             ;
; Disable Register Merging Across Hierarchies                      ; Auto               ; Auto               ;
; Resource Aware Inference For Block RAM                           ; On                 ; On                 ;
+------------------------------------------------------------------+--------------------+--------------------+


+------------------------------------------+
; Parallel Compilation                     ;
+----------------------------+-------------+
; Processors                 ; Number      ;
+----------------------------+-------------+
; Number detected on machine ; 8           ;
; Maximum allowed            ; 4           ;
;                            ;             ;
; Average used               ; 1.00        ;
; Maximum used               ; 4           ;
;                            ;             ;
; Usage by Processor         ; % Time Used ;
;     Processor 1            ; 100.0%      ;
;     Processors 2-4         ;   0.0%      ;
+----------------------------+-------------+


+-------------------------------------------------------------------------------------------------------------------------------------------------------------------------------------+
; Analysis & Synthesis Source Files Read                                                                                                                                              ;
+----------------------------------+-----------------+------------------------------+---------------------------------------------------------------------------------------+---------+
; File Name with User-Entered Path ; Used in Netlist ; File Type                    ; File Name with Absolute Path                                                          ; Library ;
+----------------------------------+-----------------+------------------------------+---------------------------------------------------------------------------------------+---------+
; registradorGenerico.vhdl         ; yes             ; User VHDL File               ; /media/arqcomp/97A6-B533/Projeto_relogio/registradorGenerico.vhdl                     ;         ;
; conversorHex7SegDecimal.vhd      ; yes             ; User VHDL File               ; /media/arqcomp/97A6-B533/Projeto_relogio/conversorHex7SegDecimal.vhd                  ;         ;
; conversorHex7SegUnidade.vhd      ; yes             ; User VHDL File               ; /media/arqcomp/97A6-B533/Projeto_relogio/conversorHex7SegUnidade.vhd                  ;         ;
; DECODER.vhd                      ; yes             ; User VHDL File               ; /media/arqcomp/97A6-B533/Projeto_relogio/DECODER.vhd                                  ;         ;
; IO.vhd                           ; yes             ; User VHDL File               ; /media/arqcomp/97A6-B533/Projeto_relogio/IO.vhd                                       ;         ;
; muxGenerico2.vhd                 ; yes             ; User VHDL File               ; /media/arqcomp/97A6-B533/Projeto_relogio/muxGenerico2.vhd                             ;         ;
; divisorGenerico.vhd              ; yes             ; User VHDL File               ; /media/arqcomp/97A6-B533/Projeto_relogio/divisorGenerico.vhd                          ;         ;
; PCounter.vhd                     ; yes             ; User VHDL File               ; /media/arqcomp/97A6-B533/Projeto_relogio/PCounter.vhd                                 ;         ;
; relogio.vhd                      ; yes             ; User VHDL File               ; /media/arqcomp/97A6-B533/Projeto_relogio/relogio.vhd                                  ;         ;
; cpu.vhd                          ; yes             ; User VHDL File               ; /media/arqcomp/97A6-B533/Projeto_relogio/cpu.vhd                                      ;         ;
; SOMADOR.vhd                      ; yes             ; User VHDL File               ; /media/arqcomp/97A6-B533/Projeto_relogio/SOMADOR.vhd                                  ;         ;
; memoria.vhd                      ; yes             ; User VHDL File               ; /media/arqcomp/97A6-B533/Projeto_relogio/memoria.vhd                                  ;         ;
; bancoRegistradores.vhd           ; yes             ; User VHDL File               ; /media/arqcomp/97A6-B533/Projeto_relogio/bancoRegistradores.vhd                       ;         ;
; lpm_divide.tdf                   ; yes             ; Megafunction                 ; /home/arqcomp/intelFPGA_lite/18.1/quartus/libraries/megafunctions/lpm_divide.tdf      ;         ;
; abs_divider.inc                  ; yes             ; Megafunction                 ; /home/arqcomp/intelFPGA_lite/18.1/quartus/libraries/megafunctions/abs_divider.inc     ;         ;
; sign_div_unsign.inc              ; yes             ; Megafunction                 ; /home/arqcomp/intelFPGA_lite/18.1/quartus/libraries/megafunctions/sign_div_unsign.inc ;         ;
; aglobal181.inc                   ; yes             ; Megafunction                 ; /home/arqcomp/intelFPGA_lite/18.1/quartus/libraries/megafunctions/aglobal181.inc      ;         ;
; db/lpm_divide_q9m.tdf            ; yes             ; Auto-Generated Megafunction  ; /media/arqcomp/97A6-B533/Projeto_relogio/db/lpm_divide_q9m.tdf                        ;         ;
; db/sign_div_unsign_fkh.tdf       ; yes             ; Auto-Generated Megafunction  ; /media/arqcomp/97A6-B533/Projeto_relogio/db/sign_div_unsign_fkh.tdf                   ;         ;
; db/alt_u_div_i4f.tdf             ; yes             ; Auto-Generated Megafunction  ; /media/arqcomp/97A6-B533/Projeto_relogio/db/alt_u_div_i4f.tdf                         ;         ;
; db/add_sub_7pc.tdf               ; yes             ; Auto-Generated Megafunction  ; /media/arqcomp/97A6-B533/Projeto_relogio/db/add_sub_7pc.tdf                           ;         ;
; db/add_sub_8pc.tdf               ; yes             ; Auto-Generated Megafunction  ; /media/arqcomp/97A6-B533/Projeto_relogio/db/add_sub_8pc.tdf                           ;         ;
; db/lpm_divide_jhm.tdf            ; yes             ; Auto-Generated Megafunction  ; /media/arqcomp/97A6-B533/Projeto_relogio/db/lpm_divide_jhm.tdf                        ;         ;
; db/sign_div_unsign_bkh.tdf       ; yes             ; Auto-Generated Megafunction  ; /media/arqcomp/97A6-B533/Projeto_relogio/db/sign_div_unsign_bkh.tdf                   ;         ;
; db/alt_u_div_a4f.tdf             ; yes             ; Auto-Generated Megafunction  ; /media/arqcomp/97A6-B533/Projeto_relogio/db/alt_u_div_a4f.tdf                         ;         ;
+----------------------------------+-----------------+------------------------------+---------------------------------------------------------------------------------------+---------+


+--------------------------------------------------------------+
; Analysis & Synthesis Resource Usage Summary                  ;
+---------------------------------------------+----------------+
; Resource                                    ; Usage          ;
+---------------------------------------------+----------------+
; Estimated Total logic elements              ; 712            ;
;                                             ;                ;
; Total combinational functions               ; 592            ;
; Logic element usage by number of LUT inputs ;                ;
;     -- 4 input functions                    ; 370            ;
;     -- 3 input functions                    ; 73             ;
;     -- <=2 input functions                  ; 149            ;
;                                             ;                ;
; Logic elements by mode                      ;                ;
;     -- normal mode                          ; 487            ;
;     -- arithmetic mode                      ; 105            ;
;                                             ;                ;
; Total registers                             ; 189            ;
;     -- Dedicated logic registers            ; 189            ;
;     -- I/O registers                        ; 0              ;
;                                             ;                ;
; I/O pins                                    ; 105            ;
;                                             ;                ;
; Embedded Multiplier 9-bit elements          ; 0              ;
;                                             ;                ;
; Maximum fan-out node                        ; CLOCK_50~input ;
; Maximum fan-out                             ; 189            ;
; Total fan-out                               ; 2630           ;
; Average fan-out                             ; 2.65           ;
+---------------------------------------------+----------------+


+------------------------------------------------------------------------------------------------------------------------------------------------------------------------------------------------------------------------------------------------------------------------------------------------------------------------------------------------------------------+
; Analysis & Synthesis Resource Utilization by Entity                                                                                                                                                                                                                                                                                                              ;
+--------------------------------------------------+---------------------+---------------------------+-------------+--------------+---------+-----------+------+--------------+-------------------------------------------------------------------------------------------------------------------------------------------+-------------------------+--------------+
; Compilation Hierarchy Node                       ; Combinational ALUTs ; Dedicated Logic Registers ; Memory Bits ; DSP Elements ; DSP 9x9 ; DSP 18x18 ; Pins ; Virtual Pins ; Full Hierarchy Name                                                                                                                       ; Entity Name             ; Library Name ;
+--------------------------------------------------+---------------------+---------------------------+-------------+--------------+---------+-----------+------+--------------+-------------------------------------------------------------------------------------------------------------------------------------------+-------------------------+--------------+
; |relogio                                         ; 592 (1)             ; 189 (0)                   ; 0           ; 0            ; 0       ; 0         ; 105  ; 0            ; |relogio                                                                                                                                  ; relogio                 ; work         ;
;    |DECODER:DECODER|                             ; 4 (4)               ; 0 (0)                     ; 0           ; 0            ; 0       ; 0         ; 0    ; 0            ; |relogio|DECODER:DECODER                                                                                                                  ; DECODER                 ; work         ;
;    |IO:IO|                                       ; 93 (3)              ; 52 (0)                    ; 0           ; 0            ; 0       ; 0         ; 0    ; 0            ; |relogio|IO:IO                                                                                                                            ; IO                      ; work         ;
;       |divisorGenerico:BASE_TEMPO50|             ; 49 (49)             ; 27 (27)                   ; 0           ; 0            ; 0       ; 0         ; 0    ; 0            ; |relogio|IO:IO|divisorGenerico:BASE_TEMPO50                                                                                               ; divisorGenerico         ; work         ;
;       |divisorGenerico:BASE_TEMPO5|              ; 40 (40)             ; 24 (24)                   ; 0           ; 0            ; 0       ; 0         ; 0    ; 0            ; |relogio|IO:IO|divisorGenerico:BASE_TEMPO5                                                                                                ; divisorGenerico         ; work         ;
;       |registradorGenerico:Registrador|          ; 1 (1)               ; 1 (1)                     ; 0           ; 0            ; 0       ; 0         ; 0    ; 0            ; |relogio|IO:IO|registradorGenerico:Registrador                                                                                            ; registradorGenerico     ; work         ;
;    |conversorHex7SegDecimal:DISPLAY1|            ; 121 (65)            ; 0 (0)                     ; 0           ; 0            ; 0       ; 0         ; 0    ; 0            ; |relogio|conversorHex7SegDecimal:DISPLAY1                                                                                                 ; conversorHex7SegDecimal ; work         ;
;       |lpm_divide:Div0|                          ; 56 (0)              ; 0 (0)                     ; 0           ; 0            ; 0       ; 0         ; 0    ; 0            ; |relogio|conversorHex7SegDecimal:DISPLAY1|lpm_divide:Div0                                                                                 ; lpm_divide              ; work         ;
;          |lpm_divide_jhm:auto_generated|         ; 56 (0)              ; 0 (0)                     ; 0           ; 0            ; 0       ; 0         ; 0    ; 0            ; |relogio|conversorHex7SegDecimal:DISPLAY1|lpm_divide:Div0|lpm_divide_jhm:auto_generated                                                   ; lpm_divide_jhm          ; work         ;
;             |sign_div_unsign_bkh:divider|        ; 56 (0)              ; 0 (0)                     ; 0           ; 0            ; 0       ; 0         ; 0    ; 0            ; |relogio|conversorHex7SegDecimal:DISPLAY1|lpm_divide:Div0|lpm_divide_jhm:auto_generated|sign_div_unsign_bkh:divider                       ; sign_div_unsign_bkh     ; work         ;
;                |alt_u_div_a4f:divider|           ; 56 (56)             ; 0 (0)                     ; 0           ; 0            ; 0       ; 0         ; 0    ; 0            ; |relogio|conversorHex7SegDecimal:DISPLAY1|lpm_divide:Div0|lpm_divide_jhm:auto_generated|sign_div_unsign_bkh:divider|alt_u_div_a4f:divider ; alt_u_div_a4f           ; work         ;
;    |conversorHex7SegDecimal:DISPLAY3|            ; 8 (8)               ; 0 (0)                     ; 0           ; 0            ; 0       ; 0         ; 0    ; 0            ; |relogio|conversorHex7SegDecimal:DISPLAY3                                                                                                 ; conversorHex7SegDecimal ; work         ;
;    |conversorHex7SegUnidade:DISPLAY0|            ; 91 (14)             ; 0 (0)                     ; 0           ; 0            ; 0       ; 0         ; 0    ; 0            ; |relogio|conversorHex7SegUnidade:DISPLAY0                                                                                                 ; conversorHex7SegUnidade ; work         ;
;       |lpm_divide:Mod0|                          ; 77 (0)              ; 0 (0)                     ; 0           ; 0            ; 0       ; 0         ; 0    ; 0            ; |relogio|conversorHex7SegUnidade:DISPLAY0|lpm_divide:Mod0                                                                                 ; lpm_divide              ; work         ;
;          |lpm_divide_q9m:auto_generated|         ; 77 (0)              ; 0 (0)                     ; 0           ; 0            ; 0       ; 0         ; 0    ; 0            ; |relogio|conversorHex7SegUnidade:DISPLAY0|lpm_divide:Mod0|lpm_divide_q9m:auto_generated                                                   ; lpm_divide_q9m          ; work         ;
;             |sign_div_unsign_fkh:divider|        ; 77 (0)              ; 0 (0)                     ; 0           ; 0            ; 0       ; 0         ; 0    ; 0            ; |relogio|conversorHex7SegUnidade:DISPLAY0|lpm_divide:Mod0|lpm_divide_q9m:auto_generated|sign_div_unsign_fkh:divider                       ; sign_div_unsign_fkh     ; work         ;
;                |alt_u_div_i4f:divider|           ; 77 (77)             ; 0 (0)                     ; 0           ; 0            ; 0       ; 0         ; 0    ; 0            ; |relogio|conversorHex7SegUnidade:DISPLAY0|lpm_divide:Mod0|lpm_divide_q9m:auto_generated|sign_div_unsign_fkh:divider|alt_u_div_i4f:divider ; alt_u_div_i4f           ; work         ;
;    |conversorHex7SegUnidade:DISPLAY2|            ; 7 (7)               ; 0 (0)                     ; 0           ; 0            ; 0       ; 0         ; 0    ; 0            ; |relogio|conversorHex7SegUnidade:DISPLAY2                                                                                                 ; conversorHex7SegUnidade ; work         ;
;    |cpu:CPU|                                     ; 171 (8)             ; 137 (0)                   ; 0           ; 0            ; 0       ; 0         ; 0    ; 0            ; |relogio|cpu:CPU                                                                                                                          ; cpu                     ; work         ;
;       |PCounter:PC|                              ; 8 (8)               ; 8 (8)                     ; 0           ; 0            ; 0       ; 0         ; 0    ; 0            ; |relogio|cpu:CPU|PCounter:PC                                                                                                              ; PCounter                ; work         ;
;       |SOMADOR:SOMADOR|                          ; 28 (28)             ; 0 (0)                     ; 0           ; 0            ; 0       ; 0         ; 0    ; 0            ; |relogio|cpu:CPU|SOMADOR:SOMADOR                                                                                                          ; SOMADOR                 ; work         ;
;       |bancoRegistradores:RAM|                   ; 112 (112)           ; 128 (128)                 ; 0           ; 0            ; 0       ; 0         ; 0    ; 0            ; |relogio|cpu:CPU|bancoRegistradores:RAM                                                                                                   ; bancoRegistradores      ; work         ;
;       |muxGenerico2:MUX_ULA|                     ; 8 (8)               ; 0 (0)                     ; 0           ; 0            ; 0       ; 0         ; 0    ; 0            ; |relogio|cpu:CPU|muxGenerico2:MUX_ULA                                                                                                     ; muxGenerico2            ; work         ;
;       |registradorGenerico:Registrador_controle| ; 7 (7)               ; 1 (1)                     ; 0           ; 0            ; 0       ; 0         ; 0    ; 0            ; |relogio|cpu:CPU|registradorGenerico:Registrador_controle                                                                                 ; registradorGenerico     ; work         ;
;    |memoria:ROM|                                 ; 96 (96)             ; 0 (0)                     ; 0           ; 0            ; 0       ; 0         ; 0    ; 0            ; |relogio|memoria:ROM                                                                                                                      ; memoria                 ; work         ;
+--------------------------------------------------+---------------------+---------------------------+-------------+--------------+---------+-----------+------+--------------+-------------------------------------------------------------------------------------------------------------------------------------------+-------------------------+--------------+
Note: For table entries with two numbers listed, the numbers in parentheses indicate the number of resources of the given type used by the specific entity alone. The numbers listed outside of parentheses indicate the total resources of the given type used by the specific entity and all of its sub-entities in the hierarchy.


+------------------------------------------------------+
; General Register Statistics                          ;
+----------------------------------------------+-------+
; Statistic                                    ; Value ;
+----------------------------------------------+-------+
; Total registers                              ; 189   ;
; Number of registers using Synchronous Clear  ; 0     ;
; Number of registers using Synchronous Load   ; 8     ;
; Number of registers using Asynchronous Clear ; 1     ;
; Number of registers using Asynchronous Load  ; 0     ;
; Number of registers using Clock Enable       ; 128   ;
; Number of registers using Preset             ; 0     ;
+----------------------------------------------+-------+


+-----------------------------------------------------------------------------------------------------------------------------------------------------+
; Multiplexer Restructuring Statistics (Restructuring Performed)                                                                                      ;
+--------------------+-----------+---------------+----------------------+------------------------+------------+---------------------------------------+
; Multiplexer Inputs ; Bus Width ; Baseline Area ; Area if Restructured ; Saving if Restructured ; Registered ; Example Multiplexer Output            ;
+--------------------+-----------+---------------+----------------------+------------------------+------------+---------------------------------------+
; 4:1                ; 2 bits    ; 4 LEs         ; 4 LEs                ; 0 LEs                  ; No         ; |relogio|cpu:CPU|SOMADOR:SOMADOR|Y[7] ;
; 4:1                ; 6 bits    ; 12 LEs        ; 12 LEs               ; 0 LEs                  ; No         ; |relogio|cpu:CPU|SOMADOR:SOMADOR|Y[1] ;
+--------------------+-----------+---------------+----------------------+------------------------+------------+---------------------------------------+


+-------------------------------------------------------------------------+
; Parameter Settings for User Entity Instance: Top-level Entity: |relogio ;
+-------------------------+-------+---------------------------------------+
; Parameter Name          ; Value ; Type                                  ;
+-------------------------+-------+---------------------------------------+
; larguraBarramentoDados  ; 8     ; Signed Integer                        ;
; TamanhoEnderecamentoRom ; 8     ; Signed Integer                        ;
; TamanhoRamCPU           ; 4     ; Signed Integer                        ;
; TamanhoAddrCpu          ; 8     ; Signed Integer                        ;
; TamanhoInstru           ; 22    ; Signed Integer                        ;
; quantidadeLedsRed       ; 18    ; Signed Integer                        ;
; quantidadeLedsGreen     ; 8     ; Signed Integer                        ;
; quantidadeChaves        ; 18    ; Signed Integer                        ;
; quantidadeBotoes        ; 4     ; Signed Integer                        ;
; quantidadeBARRAMENTOROM ; 8     ; Signed Integer                        ;
; quantidadeDisplays      ; 8     ; Signed Integer                        ;
; TamanhoDataDisplay      ; 8     ; Signed Integer                        ;
+-------------------------+-------+---------------------------------------+
Note: In order to hide this table in the UI and the text report file, please set the "Show Parameter Settings in Synthesis Report" option in "Analysis and Synthesis Settings -> More Settings" to "Off".


+----------------------------------------------------------+
; Parameter Settings for User Entity Instance: memoria:ROM ;
+----------------+-------+---------------------------------+
; Parameter Name ; Value ; Type                            ;
+----------------+-------+---------------------------------+
; datawidth      ; 22    ; Signed Integer                  ;
; addrwidth      ; 8     ; Signed Integer                  ;
+----------------+-------+---------------------------------+
Note: In order to hide this table in the UI and the text report file, please set the "Show Parameter Settings in Synthesis Report" option in "Analysis and Synthesis Settings -> More Settings" to "Off".


+------------------------------------------------------+
; Parameter Settings for User Entity Instance: cpu:CPU ;
+-------------------------+-------+--------------------+
; Parameter Name          ; Value ; Type               ;
+-------------------------+-------+--------------------+
; largurabarramentodados  ; 8     ; Signed Integer     ;
; func                    ; 3     ; Signed Integer     ;
; tamanhoenderecamentorom ; 8     ; Signed Integer     ;
; tamanhoaddr             ; 8     ; Signed Integer     ;
; tamanhoenderecamentoram ; 4     ; Signed Integer     ;
; tamanhodadosram         ; 8     ; Signed Integer     ;
; tamanhoinstru           ; 22    ; Signed Integer     ;
+-------------------------+-------+--------------------+
Note: In order to hide this table in the UI and the text report file, please set the "Show Parameter Settings in Synthesis Report" option in "Analysis and Synthesis Settings -> More Settings" to "Off".


+-----------------------------------------------------------------------------------------------+
; Parameter Settings for User Entity Instance: cpu:CPU|registradorGenerico:Registrador_controle ;
+----------------+-------+----------------------------------------------------------------------+
; Parameter Name ; Value ; Type                                                                 ;
+----------------+-------+----------------------------------------------------------------------+
; larguradados   ; 1     ; Signed Integer                                                       ;
+----------------+-------+----------------------------------------------------------------------+
Note: In order to hide this table in the UI and the text report file, please set the "Show Parameter Settings in Synthesis Report" option in "Analysis and Synthesis Settings -> More Settings" to "Off".


+------------------------------------------------------------------+
; Parameter Settings for User Entity Instance: cpu:CPU|PCounter:PC ;
+-----------------+-------+----------------------------------------+
; Parameter Name  ; Value ; Type                                   ;
+-----------------+-------+----------------------------------------+
; larguraendereco ; 8     ; Signed Integer                         ;
+-----------------+-------+----------------------------------------+
Note: In order to hide this table in the UI and the text report file, please set the "Show Parameter Settings in Synthesis Report" option in "Analysis and Synthesis Settings -> More Settings" to "Off".


+---------------------------------------------------------------------------+
; Parameter Settings for User Entity Instance: cpu:CPU|muxGenerico2:MUX_ULA ;
+----------------+-------+--------------------------------------------------+
; Parameter Name ; Value ; Type                                             ;
+----------------+-------+--------------------------------------------------+
; larguraDados   ; 8     ; Signed Integer                                   ;
+----------------+-------+--------------------------------------------------+
Note: In order to hide this table in the UI and the text report file, please set the "Show Parameter Settings in Synthesis Report" option in "Analysis and Synthesis Settings -> More Settings" to "Off".


+----------------------------------------------------------------------+
; Parameter Settings for User Entity Instance: cpu:CPU|SOMADOR:SOMADOR ;
+----------------+-------+---------------------------------------------+
; Parameter Name ; Value ; Type                                        ;
+----------------+-------+---------------------------------------------+
; larguradados   ; 8     ; Signed Integer                              ;
; funcsize       ; 3     ; Signed Integer                              ;
+----------------+-------+---------------------------------------------+
Note: In order to hide this table in the UI and the text report file, please set the "Show Parameter Settings in Synthesis Report" option in "Analysis and Synthesis Settings -> More Settings" to "Off".


+-----------------------------------------------------------------------------+
; Parameter Settings for User Entity Instance: cpu:CPU|bancoRegistradores:RAM ;
+---------------------+-------+-----------------------------------------------+
; Parameter Name      ; Value ; Type                                          ;
+---------------------+-------+-----------------------------------------------+
; larguradados        ; 8     ; Signed Integer                                ;
; larguraendbancoregs ; 4     ; Signed Integer                                ;
+---------------------+-------+-----------------------------------------------+
Note: In order to hide this table in the UI and the text report file, please set the "Show Parameter Settings in Synthesis Report" option in "Analysis and Synthesis Settings -> More Settings" to "Off".


+----------------------------------------------------+
; Parameter Settings for User Entity Instance: IO:IO ;
+------------------+-------+-------------------------+
; Parameter Name   ; Value ; Type                    ;
+------------------+-------+-------------------------+
; larguradados     ; 8     ; Signed Integer          ;
; quantidadechaves ; 18    ; Signed Integer          ;
+------------------+-------+-------------------------+
Note: In order to hide this table in the UI and the text report file, please set the "Show Parameter Settings in Synthesis Report" option in "Analysis and Synthesis Settings -> More Settings" to "Off".


+---------------------------------------------------------------------------------+
; Parameter Settings for User Entity Instance: IO:IO|divisorGenerico:BASE_TEMPO50 ;
+----------------+----------+-----------------------------------------------------+
; Parameter Name ; Value    ; Type                                                ;
+----------------+----------+-----------------------------------------------------+
; divisor        ; 50000000 ; Signed Integer                                      ;
+----------------+----------+-----------------------------------------------------+
Note: In order to hide this table in the UI and the text report file, please set the "Show Parameter Settings in Synthesis Report" option in "Analysis and Synthesis Settings -> More Settings" to "Off".


+--------------------------------------------------------------------------------+
; Parameter Settings for User Entity Instance: IO:IO|divisorGenerico:BASE_TEMPO5 ;
+----------------+---------+-----------------------------------------------------+
; Parameter Name ; Value   ; Type                                                ;
+----------------+---------+-----------------------------------------------------+
; divisor        ; 5000000 ; Signed Integer                                      ;
+----------------+---------+-----------------------------------------------------+
Note: In order to hide this table in the UI and the text report file, please set the "Show Parameter Settings in Synthesis Report" option in "Analysis and Synthesis Settings -> More Settings" to "Off".


+--------------------------------------------------------------------------------+
; Parameter Settings for User Entity Instance: IO:IO|muxGenerico2:MUX_BASE_TEMPO ;
+----------------+-------+-------------------------------------------------------+
; Parameter Name ; Value ; Type                                                  ;
+----------------+-------+-------------------------------------------------------+
; larguradados   ; 1     ; Signed Integer                                        ;
+----------------+-------+-------------------------------------------------------+
Note: In order to hide this table in the UI and the text report file, please set the "Show Parameter Settings in Synthesis Report" option in "Analysis and Synthesis Settings -> More Settings" to "Off".


+------------------------------------------------------------------------------------+
; Parameter Settings for User Entity Instance: IO:IO|registradorGenerico:Registrador ;
+----------------+-------+-----------------------------------------------------------+
; Parameter Name ; Value ; Type                                                      ;
+----------------+-------+-----------------------------------------------------------+
; larguradados   ; 1     ; Signed Integer                                            ;
+----------------+-------+-----------------------------------------------------------+
Note: In order to hide this table in the UI and the text report file, please set the "Show Parameter Settings in Synthesis Report" option in "Analysis and Synthesis Settings -> More Settings" to "Off".


+--------------------------------------------------------------+
; Parameter Settings for User Entity Instance: DECODER:DECODER ;
+--------------------+-------+---------------------------------+
; Parameter Name     ; Value ; Type                            ;
+--------------------+-------+---------------------------------+
; tamanhoaddrcpu     ; 8     ; Signed Integer                  ;
; tamanhodatadisplay ; 8     ; Signed Integer                  ;
+--------------------+-------+---------------------------------+
Note: In order to hide this table in the UI and the text report file, please set the "Show Parameter Settings in Synthesis Report" option in "Analysis and Synthesis Settings -> More Settings" to "Off".


+---------------------------------------------------------------------------------------------------+
; Parameter Settings for Inferred Entity Instance: conversorHex7SegUnidade:DISPLAY0|lpm_divide:Mod0 ;
+------------------------+----------------+---------------------------------------------------------+
; Parameter Name         ; Value          ; Type                                                    ;
+------------------------+----------------+---------------------------------------------------------+
; LPM_WIDTHN             ; 8              ; Untyped                                                 ;
; LPM_WIDTHD             ; 8              ; Untyped                                                 ;
; LPM_NREPRESENTATION    ; UNSIGNED       ; Untyped                                                 ;
; LPM_DREPRESENTATION    ; UNSIGNED       ; Untyped                                                 ;
; LPM_PIPELINE           ; 0              ; Untyped                                                 ;
; LPM_REMAINDERPOSITIVE  ; TRUE           ; Untyped                                                 ;
; MAXIMIZE_SPEED         ; 5              ; Untyped                                                 ;
; CBXI_PARAMETER         ; lpm_divide_q9m ; Untyped                                                 ;
; CARRY_CHAIN            ; MANUAL         ; Untyped                                                 ;
; OPTIMIZE_FOR_SPEED     ; 5              ; Untyped                                                 ;
; AUTO_CARRY_CHAINS      ; ON             ; AUTO_CARRY                                              ;
; IGNORE_CARRY_BUFFERS   ; OFF            ; IGNORE_CARRY                                            ;
; AUTO_CASCADE_CHAINS    ; ON             ; AUTO_CASCADE                                            ;
; IGNORE_CASCADE_BUFFERS ; OFF            ; IGNORE_CASCADE                                          ;
+------------------------+----------------+---------------------------------------------------------+
Note: In order to hide this table in the UI and the text report file, please set the "Show Parameter Settings in Synthesis Report" option in "Analysis and Synthesis Settings -> More Settings" to "Off".


+---------------------------------------------------------------------------------------------------+
; Parameter Settings for Inferred Entity Instance: conversorHex7SegDecimal:DISPLAY1|lpm_divide:Div0 ;
+------------------------+----------------+---------------------------------------------------------+
; Parameter Name         ; Value          ; Type                                                    ;
+------------------------+----------------+---------------------------------------------------------+
; LPM_WIDTHN             ; 8              ; Untyped                                                 ;
; LPM_WIDTHD             ; 4              ; Untyped                                                 ;
; LPM_NREPRESENTATION    ; UNSIGNED       ; Untyped                                                 ;
; LPM_DREPRESENTATION    ; UNSIGNED       ; Untyped                                                 ;
; LPM_PIPELINE           ; 0              ; Untyped                                                 ;
; LPM_REMAINDERPOSITIVE  ; TRUE           ; Untyped                                                 ;
; MAXIMIZE_SPEED         ; 5              ; Untyped                                                 ;
; CBXI_PARAMETER         ; lpm_divide_jhm ; Untyped                                                 ;
; CARRY_CHAIN            ; MANUAL         ; Untyped                                                 ;
; OPTIMIZE_FOR_SPEED     ; 5              ; Untyped                                                 ;
; AUTO_CARRY_CHAINS      ; ON             ; AUTO_CARRY                                              ;
; IGNORE_CARRY_BUFFERS   ; OFF            ; IGNORE_CARRY                                            ;
; AUTO_CASCADE_CHAINS    ; ON             ; AUTO_CASCADE                                            ;
; IGNORE_CASCADE_BUFFERS ; OFF            ; IGNORE_CASCADE                                          ;
+------------------------+----------------+---------------------------------------------------------+
Note: In order to hide this table in the UI and the text report file, please set the "Show Parameter Settings in Synthesis Report" option in "Analysis and Synthesis Settings -> More Settings" to "Off".


+------------------------------------------------------------------------------------------------------------------+
; Port Connectivity Checks: "DECODER:DECODER"                                                                      ;
+--------+--------+----------+-------------------------------------------------------------------------------------+
; Port   ; Type   ; Severity ; Details                                                                             ;
+--------+--------+----------+-------------------------------------------------------------------------------------+
; datain ; Output ; Info     ; Connected to dangling logic. Logic that only feeds a dangling port will be removed. ;
+--------+--------+----------+-------------------------------------------------------------------------------------+


+----------------------------------------------------------+
; Port Connectivity Checks: "cpu:CPU|muxGenerico2:MUX_ULA" ;
+--------------------+-------+----------+------------------+
; Port               ; Type  ; Severity ; Details          ;
+--------------------+-------+----------+------------------+
; entradaa_mux[7..1] ; Input ; Info     ; Stuck at GND     ;
+--------------------+-------+----------+------------------+


+------------------------------------------------------------------------------+
; Port Connectivity Checks: "cpu:CPU|registradorGenerico:Registrador_controle" ;
+------+-------+----------+----------------------------------------------------+
; Port ; Type  ; Severity ; Details                                            ;
+------+-------+----------+----------------------------------------------------+
; rst  ; Input ; Info     ; Stuck at GND                                       ;
+------+-------+----------+----------------------------------------------------+


+-----------------------------------------------------------------------------------------------------------------------+
; Port Connectivity Checks: "cpu:CPU"                                                                                   ;
+-------------+--------+----------+-------------------------------------------------------------------------------------+
; Port        ; Type   ; Severity ; Details                                                                             ;
+-------------+--------+----------+-------------------------------------------------------------------------------------+
; readenable  ; Output ; Info     ; Connected to dangling logic. Logic that only feeds a dangling port will be removed. ;
; writeenable ; Output ; Info     ; Connected to dangling logic. Logic that only feeds a dangling port will be removed. ;
+-------------+--------+----------+-------------------------------------------------------------------------------------+


+-----------------------------------------------------+
; Post-Synthesis Netlist Statistics for Top Partition ;
+-----------------------+-----------------------------+
; Type                  ; Count                       ;
+-----------------------+-----------------------------+
; boundary_port         ; 105                         ;
; cycloneiii_ff         ; 189                         ;
;     CLR               ; 1                           ;
;     ENA               ; 128                         ;
;     SLD               ; 8                           ;
;     plain             ; 52                          ;
; cycloneiii_lcell_comb ; 592                         ;
;     arith             ; 105                         ;
;         2 data inputs ; 57                          ;
;         3 data inputs ; 48                          ;
;     normal            ; 487                         ;
;         0 data inputs ; 11                          ;
;         1 data inputs ; 4                           ;
;         2 data inputs ; 77                          ;
;         3 data inputs ; 25                          ;
;         4 data inputs ; 370                         ;
;                       ;                             ;
; Max LUT depth         ; 25.40                       ;
; Average LUT depth     ; 16.74                       ;
+-----------------------+-----------------------------+


+-------------------------------+
; Elapsed Time Per Partition    ;
+----------------+--------------+
; Partition Name ; Elapsed Time ;
+----------------+--------------+
; Top            ; 00:00:03     ;
+----------------+--------------+


+-------------------------------+
; Analysis & Synthesis Messages ;
+-------------------------------+
Info: *******************************************************************
Info: Running Quartus Prime Analysis & Synthesis
    Info: Version 18.1.0 Build 625 09/12/2018 SJ Lite Edition
    Info: Processing started: Mon Oct  7 16:20:25 2019
Info: Command: quartus_map --read_settings_files=on --write_settings_files=off Relogio -c relogio
Warning (18236): Number of processors has not been specified which may cause overloading on shared machines.  Set the global assignment NUM_PARALLEL_PROCESSORS in your QSF to an appropriate value for best performance.
Info (20030): Parallel compilation is enabled and will use 4 of the 4 processors detected
Info (12021): Found 2 design units, including 1 entities, in source file registradorGenerico.vhdl
    Info (12022): Found design unit 1: registradorGenerico-comportamento File: /media/arqcomp/97A6-B533/Projeto_relogio/registradorGenerico.vhdl Line: 16
    Info (12023): Found entity 1: registradorGenerico File: /media/arqcomp/97A6-B533/Projeto_relogio/registradorGenerico.vhdl Line: 5
Info (12021): Found 2 design units, including 1 entities, in source file conversorHex7SegDecimal.vhd
    Info (12022): Found design unit 1: conversorHex7SegDecimal-comportamento File: /media/arqcomp/97A6-B533/Projeto_relogio/conversorHex7SegDecimal.vhd Line: 17
    Info (12023): Found entity 1: conversorHex7SegDecimal File: /media/arqcomp/97A6-B533/Projeto_relogio/conversorHex7SegDecimal.vhd Line: 6
Info (12021): Found 2 design units, including 1 entities, in source file conversorHex7SegUnidade.vhd
    Info (12022): Found design unit 1: conversorHex7SegUnidade-comportamento File: /media/arqcomp/97A6-B533/Projeto_relogio/conversorHex7SegUnidade.vhd Line: 17
    Info (12023): Found entity 1: conversorHex7SegUnidade File: /media/arqcomp/97A6-B533/Projeto_relogio/conversorHex7SegUnidade.vhd Line: 6
Info (12021): Found 2 design units, including 1 entities, in source file DECODER.vhd
    Info (12022): Found design unit 1: DECODER-comportament File: /media/arqcomp/97A6-B533/Projeto_relogio/DECODER.vhd Line: 25
    Info (12023): Found entity 1: DECODER File: /media/arqcomp/97A6-B533/Projeto_relogio/DECODER.vhd Line: 12
Info (12021): Found 2 design units, including 1 entities, in source file IO.vhd
    Info (12022): Found design unit 1: IO-comportamento File: /media/arqcomp/97A6-B533/Projeto_relogio/IO.vhd Line: 21
    Info (12023): Found entity 1: IO File: /media/arqcomp/97A6-B533/Projeto_relogio/IO.vhd Line: 4
Info (12021): Found 2 design units, including 1 entities, in source file muxGenerico2.vhd
    Info (12022): Found design unit 1: muxGenerico2-comportamento File: /media/arqcomp/97A6-B533/Projeto_relogio/muxGenerico2.vhd Line: 19
    Info (12023): Found entity 1: muxGenerico2 File: /media/arqcomp/97A6-B533/Projeto_relogio/muxGenerico2.vhd Line: 5
Info (12021): Found 4 design units, including 1 entities, in source file divisorGenerico.vhd
    Info (12022): Found design unit 1: divisorGenerico-divPor2 File: /media/arqcomp/97A6-B533/Projeto_relogio/divisorGenerico.vhd Line: 16
    Info (12022): Found design unit 2: divisorGenerico-divPotenciaDe2 File: /media/arqcomp/97A6-B533/Projeto_relogio/divisorGenerico.vhd Line: 31
    Info (12022): Found design unit 3: divisorGenerico-divInteiro File: /media/arqcomp/97A6-B533/Projeto_relogio/divisorGenerico.vhd Line: 46
    Info (12023): Found entity 1: divisorGenerico File: /media/arqcomp/97A6-B533/Projeto_relogio/divisorGenerico.vhd Line: 5
Info (12021): Found 0 design units, including 0 entities, in source file Base_tempo.vhd
Info (12021): Found 2 design units, including 1 entities, in source file PCounter.vhd
    Info (12022): Found design unit 1: PCounter-comportamento File: /media/arqcomp/97A6-B533/Projeto_relogio/PCounter.vhd Line: 18
    Info (12023): Found entity 1: PCounter File: /media/arqcomp/97A6-B533/Projeto_relogio/PCounter.vhd Line: 6
Info (12021): Found 2 design units, including 1 entities, in source file relogio.vhd
    Info (12022): Found design unit 1: relogio-estrutural File: /media/arqcomp/97A6-B533/Projeto_relogio/relogio.vhd Line: 50
    Info (12023): Found entity 1: relogio File: /media/arqcomp/97A6-B533/Projeto_relogio/relogio.vhd Line: 8
Info (12021): Found 1 design units, including 1 entities, in source file leds.vhd
    Info (12023): Found entity 1: leds File: /media/arqcomp/97A6-B533/Projeto_relogio/leds.vhd Line: 11
Info (12021): Found 2 design units, including 1 entities, in source file cpu.vhd
    Info (12022): Found design unit 1: cpu-estrutural File: /media/arqcomp/97A6-B533/Projeto_relogio/cpu.vhd Line: 32
    Info (12023): Found entity 1: cpu File: /media/arqcomp/97A6-B533/Projeto_relogio/cpu.vhd Line: 9
Info (12021): Found 1 design units, including 1 entities, in source file chaves.vhd
    Info (12023): Found entity 1: chaves File: /media/arqcomp/97A6-B533/Projeto_relogio/chaves.vhd Line: 4
Info (12021): Found 2 design units, including 1 entities, in source file SOMADOR.vhd
    Info (12022): Found design unit 1: SOMADOR-sum File: /media/arqcomp/97A6-B533/Projeto_relogio/SOMADOR.vhd Line: 30
    Info (12023): Found entity 1: SOMADOR File: /media/arqcomp/97A6-B533/Projeto_relogio/SOMADOR.vhd Line: 7
Info (12021): Found 2 design units, including 1 entities, in source file memoria.vhd
    Info (12022): Found design unit 1: memoria-initFileROM File: /media/arqcomp/97A6-B533/Projeto_relogio/memoria.vhd Line: 20
    Info (12023): Found entity 1: memoria File: /media/arqcomp/97A6-B533/Projeto_relogio/memoria.vhd Line: 6
Info (12021): Found 2 design units, including 1 entities, in source file bancoRegistradores.vhd
    Info (12022): Found design unit 1: bancoRegistradores-comportamento File: /media/arqcomp/97A6-B533/Projeto_relogio/bancoRegistradores.vhd Line: 24
    Info (12023): Found entity 1: bancoRegistradores File: /media/arqcomp/97A6-B533/Projeto_relogio/bancoRegistradores.vhd Line: 7
Info (12021): Found 1 design units, including 1 entities, in source file botoes.vhd
    Info (12023): Found entity 1: botoes File: /media/arqcomp/97A6-B533/Projeto_relogio/botoes.vhd Line: 10
Info (12127): Elaborating entity "relogio" for the top level hierarchy
Warning (10541): VHDL Signal Declaration warning at relogio.vhd(46): used implicit default value for signal "HEX4" because signal was never assigned a value or an explicit default value. Use of implicit default value may introduce unintended design optimizations. File: /media/arqcomp/97A6-B533/Projeto_relogio/relogio.vhd Line: 46
Warning (10541): VHDL Signal Declaration warning at relogio.vhd(46): used implicit default value for signal "HEX5" because signal was never assigned a value or an explicit default value. Use of implicit default value may introduce unintended design optimizations. File: /media/arqcomp/97A6-B533/Projeto_relogio/relogio.vhd Line: 46
Warning (10541): VHDL Signal Declaration warning at relogio.vhd(46): used implicit default value for signal "HEX6" because signal was never assigned a value or an explicit default value. Use of implicit default value may introduce unintended design optimizations. File: /media/arqcomp/97A6-B533/Projeto_relogio/relogio.vhd Line: 46
Warning (10541): VHDL Signal Declaration warning at relogio.vhd(46): used implicit default value for signal "HEX7" because signal was never assigned a value or an explicit default value. Use of implicit default value may introduce unintended design optimizations. File: /media/arqcomp/97A6-B533/Projeto_relogio/relogio.vhd Line: 46
Warning (10036): Verilog HDL or VHDL warning at relogio.vhd(58): object "readEnable" assigned a value but never read File: /media/arqcomp/97A6-B533/Projeto_relogio/relogio.vhd Line: 58
Warning (10036): Verilog HDL or VHDL warning at relogio.vhd(59): object "writeEnable" assigned a value but never read File: /media/arqcomp/97A6-B533/Projeto_relogio/relogio.vhd Line: 59
Warning (10541): VHDL Signal Declaration warning at relogio.vhd(75): used implicit default value for signal "W_enable_IO" because signal was never assigned a value or an explicit default value. Use of implicit default value may introduce unintended design optimizations. File: /media/arqcomp/97A6-B533/Projeto_relogio/relogio.vhd Line: 75
Warning (10036): Verilog HDL or VHDL warning at relogio.vhd(78): object "Habilita_data_in" assigned a value but never read File: /media/arqcomp/97A6-B533/Projeto_relogio/relogio.vhd Line: 78
Warning (10873): Using initial value X (don't care) for net "LEDG[7..1]" at relogio.vhd(44) File: /media/arqcomp/97A6-B533/Projeto_relogio/relogio.vhd Line: 44
Info (12128): Elaborating entity "memoria" for hierarchy "memoria:ROM" File: /media/arqcomp/97A6-B533/Projeto_relogio/relogio.vhd Line: 84
Warning (10541): VHDL Signal Declaration warning at memoria.vhd(23): used implicit default value for signal "content" because signal was never assigned a value or an explicit default value. Use of implicit default value may introduce unintended design optimizations. File: /media/arqcomp/97A6-B533/Projeto_relogio/memoria.vhd Line: 23
Info (12128): Elaborating entity "cpu" for hierarchy "cpu:CPU" File: /media/arqcomp/97A6-B533/Projeto_relogio/relogio.vhd Line: 95
Warning (10541): VHDL Signal Declaration warning at cpu.vhd(27): used implicit default value for signal "readEnable" because signal was never assigned a value or an explicit default value. Use of implicit default value may introduce unintended design optimizations. File: /media/arqcomp/97A6-B533/Projeto_relogio/cpu.vhd Line: 27
Warning (10541): VHDL Signal Declaration warning at cpu.vhd(28): used implicit default value for signal "writeEnable" because signal was never assigned a value or an explicit default value. Use of implicit default value may introduce unintended design optimizations. File: /media/arqcomp/97A6-B533/Projeto_relogio/cpu.vhd Line: 28
Info (12128): Elaborating entity "registradorGenerico" for hierarchy "cpu:CPU|registradorGenerico:Registrador_controle" File: /media/arqcomp/97A6-B533/Projeto_relogio/cpu.vhd Line: 60
Info (12128): Elaborating entity "PCounter" for hierarchy "cpu:CPU|PCounter:PC" File: /media/arqcomp/97A6-B533/Projeto_relogio/cpu.vhd Line: 76
Info (12128): Elaborating entity "muxGenerico2" for hierarchy "cpu:CPU|muxGenerico2:MUX_ULA" File: /media/arqcomp/97A6-B533/Projeto_relogio/cpu.vhd Line: 90
Info (12128): Elaborating entity "SOMADOR" for hierarchy "cpu:CPU|SOMADOR:SOMADOR" File: /media/arqcomp/97A6-B533/Projeto_relogio/cpu.vhd Line: 102
Info (12128): Elaborating entity "bancoRegistradores" for hierarchy "cpu:CPU|bancoRegistradores:RAM" File: /media/arqcomp/97A6-B533/Projeto_relogio/cpu.vhd Line: 117
Info (12128): Elaborating entity "IO" for hierarchy "IO:IO" File: /media/arqcomp/97A6-B533/Projeto_relogio/relogio.vhd Line: 115
Warning (10873): Using initial value X (don't care) for net "LEDR[17..2]" at IO.vhd(16) File: /media/arqcomp/97A6-B533/Projeto_relogio/IO.vhd Line: 16
Info (12128): Elaborating entity "divisorGenerico" for hierarchy "IO:IO|divisorGenerico:BASE_TEMPO50" File: /media/arqcomp/97A6-B533/Projeto_relogio/IO.vhd Line: 32
Info (12128): Elaborating entity "divisorGenerico" for hierarchy "IO:IO|divisorGenerico:BASE_TEMPO5" File: /media/arqcomp/97A6-B533/Projeto_relogio/IO.vhd Line: 41
Info (12128): Elaborating entity "muxGenerico2" for hierarchy "IO:IO|muxGenerico2:MUX_BASE_TEMPO" File: /media/arqcomp/97A6-B533/Projeto_relogio/IO.vhd Line: 50
Info (12128): Elaborating entity "DECODER" for hierarchy "DECODER:DECODER" File: /media/arqcomp/97A6-B533/Projeto_relogio/relogio.vhd Line: 130
Info (12128): Elaborating entity "conversorHex7SegUnidade" for hierarchy "conversorHex7SegUnidade:DISPLAY0" File: /media/arqcomp/97A6-B533/Projeto_relogio/relogio.vhd Line: 160
Info (12128): Elaborating entity "conversorHex7SegDecimal" for hierarchy "conversorHex7SegDecimal:DISPLAY1" File: /media/arqcomp/97A6-B533/Projeto_relogio/relogio.vhd Line: 168
Warning (13046): Tri-state node(s) do not directly drive top-level pin(s)
    Warning (13049): Converted tri-state buffer "cpu:CPU|SOMADOR:SOMADOR|Y[0]" feeding internal logic into a wire File: /media/arqcomp/97A6-B533/Projeto_relogio/SOMADOR.vhd Line: 20
    Warning (13049): Converted tri-state buffer "cpu:CPU|SOMADOR:SOMADOR|Y[1]" feeding internal logic into a wire File: /media/arqcomp/97A6-B533/Projeto_relogio/SOMADOR.vhd Line: 20
    Warning (13049): Converted tri-state buffer "cpu:CPU|SOMADOR:SOMADOR|Y[2]" feeding internal logic into a wire File: /media/arqcomp/97A6-B533/Projeto_relogio/SOMADOR.vhd Line: 20
    Warning (13049): Converted tri-state buffer "cpu:CPU|SOMADOR:SOMADOR|Y[3]" feeding internal logic into a wire File: /media/arqcomp/97A6-B533/Projeto_relogio/SOMADOR.vhd Line: 20
    Warning (13049): Converted tri-state buffer "cpu:CPU|SOMADOR:SOMADOR|Y[4]" feeding internal logic into a wire File: /media/arqcomp/97A6-B533/Projeto_relogio/SOMADOR.vhd Line: 20
    Warning (13049): Converted tri-state buffer "cpu:CPU|SOMADOR:SOMADOR|Y[5]" feeding internal logic into a wire File: /media/arqcomp/97A6-B533/Projeto_relogio/SOMADOR.vhd Line: 20
    Warning (13049): Converted tri-state buffer "cpu:CPU|SOMADOR:SOMADOR|Y[6]" feeding internal logic into a wire File: /media/arqcomp/97A6-B533/Projeto_relogio/SOMADOR.vhd Line: 20
    Warning (13049): Converted tri-state buffer "cpu:CPU|SOMADOR:SOMADOR|Y[7]" feeding internal logic into a wire File: /media/arqcomp/97A6-B533/Projeto_relogio/SOMADOR.vhd Line: 20
Info (276014): Found 1 instances of uninferred RAM logic
    Info (276007): RAM logic "cpu:CPU|bancoRegistradores:RAM|registrador" is uninferred due to asynchronous read logic File: /media/arqcomp/97A6-B533/Projeto_relogio/bancoRegistradores.vhd Line: 31
Warning (113028): 197 out of 256 addresses are uninitialized. The Quartus Prime software will initialize them to "0". There are 1 warnings found, and 1 warnings are reported. File: /media/arqcomp/97A6-B533/Projeto_relogio/initROM.mif Line: 1
    Warning (113027): Addresses ranging from 59 to 255 are not initialized File: /media/arqcomp/97A6-B533/Projeto_relogio/initROM.mif Line: 1
Info (278001): Inferred 2 megafunctions from design logic
    Info (278004): Inferred divider/modulo megafunction ("lpm_divide") from the following logic: "conversorHex7SegUnidade:DISPLAY0|Mod0" File: /media/arqcomp/97A6-B533/Projeto_relogio/conversorHex7SegUnidade.vhd Line: 23
    Info (278004): Inferred divider/modulo megafunction ("lpm_divide") from the following logic: "conversorHex7SegDecimal:DISPLAY1|Div0" File: /media/arqcomp/97A6-B533/Projeto_relogio/conversorHex7SegDecimal.vhd Line: 23
Info (12130): Elaborated megafunction instantiation "conversorHex7SegUnidade:DISPLAY0|lpm_divide:Mod0" File: /media/arqcomp/97A6-B533/Projeto_relogio/conversorHex7SegUnidade.vhd Line: 23
Info (12133): Instantiated megafunction "conversorHex7SegUnidade:DISPLAY0|lpm_divide:Mod0" with the following parameter: File: /media/arqcomp/97A6-B533/Projeto_relogio/conversorHex7SegUnidade.vhd Line: 23
    Info (12134): Parameter "LPM_WIDTHN" = "8"
    Info (12134): Parameter "LPM_WIDTHD" = "8"
    Info (12134): Parameter "LPM_NREPRESENTATION" = "UNSIGNED"
    Info (12134): Parameter "LPM_DREPRESENTATION" = "UNSIGNED"
Info (12021): Found 1 design units, including 1 entities, in source file db/lpm_divide_q9m.tdf
    Info (12023): Found entity 1: lpm_divide_q9m File: /media/arqcomp/97A6-B533/Projeto_relogio/db/lpm_divide_q9m.tdf Line: 24
Info (12021): Found 1 design units, including 1 entities, in source file db/sign_div_unsign_fkh.tdf
    Info (12023): Found entity 1: sign_div_unsign_fkh File: /media/arqcomp/97A6-B533/Projeto_relogio/db/sign_div_unsign_fkh.tdf Line: 24
Info (12021): Found 1 design units, including 1 entities, in source file db/alt_u_div_i4f.tdf
    Info (12023): Found entity 1: alt_u_div_i4f File: /media/arqcomp/97A6-B533/Projeto_relogio/db/alt_u_div_i4f.tdf Line: 26
Info (12021): Found 1 design units, including 1 entities, in source file db/add_sub_7pc.tdf
    Info (12023): Found entity 1: add_sub_7pc File: /media/arqcomp/97A6-B533/Projeto_relogio/db/add_sub_7pc.tdf Line: 22
Info (12021): Found 1 design units, including 1 entities, in source file db/add_sub_8pc.tdf
    Info (12023): Found entity 1: add_sub_8pc File: /media/arqcomp/97A6-B533/Projeto_relogio/db/add_sub_8pc.tdf Line: 22
Info (12130): Elaborated megafunction instantiation "conversorHex7SegDecimal:DISPLAY1|lpm_divide:Div0" File: /media/arqcomp/97A6-B533/Projeto_relogio/conversorHex7SegDecimal.vhd Line: 23
Info (12133): Instantiated megafunction "conversorHex7SegDecimal:DISPLAY1|lpm_divide:Div0" with the following parameter: File: /media/arqcomp/97A6-B533/Projeto_relogio/conversorHex7SegDecimal.vhd Line: 23
    Info (12134): Parameter "LPM_WIDTHN" = "8"
    Info (12134): Parameter "LPM_WIDTHD" = "4"
    Info (12134): Parameter "LPM_NREPRESENTATION" = "UNSIGNED"
    Info (12134): Parameter "LPM_DREPRESENTATION" = "UNSIGNED"
Info (12021): Found 1 design units, including 1 entities, in source file db/lpm_divide_jhm.tdf
    Info (12023): Found entity 1: lpm_divide_jhm File: /media/arqcomp/97A6-B533/Projeto_relogio/db/lpm_divide_jhm.tdf Line: 24
Info (12021): Found 1 design units, including 1 entities, in source file db/sign_div_unsign_bkh.tdf
    Info (12023): Found entity 1: sign_div_unsign_bkh File: /media/arqcomp/97A6-B533/Projeto_relogio/db/sign_div_unsign_bkh.tdf Line: 24
Info (12021): Found 1 design units, including 1 entities, in source file db/alt_u_div_a4f.tdf
    Info (12023): Found entity 1: alt_u_div_a4f File: /media/arqcomp/97A6-B533/Projeto_relogio/db/alt_u_div_a4f.tdf Line: 26
Warning (13024): Output pins are stuck at VCC or GND
    Warning (13410): Pin "LEDR[2]" is stuck at GND File: /media/arqcomp/97A6-B533/Projeto_relogio/relogio.vhd Line: 43
    Warning (13410): Pin "LEDR[3]" is stuck at GND File: /media/arqcomp/97A6-B533/Projeto_relogio/relogio.vhd Line: 43
    Warning (13410): Pin "LEDR[4]" is stuck at GND File: /media/arqcomp/97A6-B533/Projeto_relogio/relogio.vhd Line: 43
    Warning (13410): Pin "LEDR[5]" is stuck at GND File: /media/arqcomp/97A6-B533/Projeto_relogio/relogio.vhd Line: 43
    Warning (13410): Pin "LEDR[6]" is stuck at GND File: /media/arqcomp/97A6-B533/Projeto_relogio/relogio.vhd Line: 43
    Warning (13410): Pin "LEDR[7]" is stuck at GND File: /media/arqcomp/97A6-B533/Projeto_relogio/relogio.vhd Line: 43
    Warning (13410): Pin "LEDR[8]" is stuck at GND File: /media/arqcomp/97A6-B533/Projeto_relogio/relogio.vhd Line: 43
    Warning (13410): Pin "LEDR[9]" is stuck at GND File: /media/arqcomp/97A6-B533/Projeto_relogio/relogio.vhd Line: 43
    Warning (13410): Pin "LEDR[10]" is stuck at GND File: /media/arqcomp/97A6-B533/Projeto_relogio/relogio.vhd Line: 43
    Warning (13410): Pin "LEDR[11]" is stuck at GND File: /media/arqcomp/97A6-B533/Projeto_relogio/relogio.vhd Line: 43
    Warning (13410): Pin "LEDR[12]" is stuck at GND File: /media/arqcomp/97A6-B533/Projeto_relogio/relogio.vhd Line: 43
    Warning (13410): Pin "LEDR[13]" is stuck at GND File: /media/arqcomp/97A6-B533/Projeto_relogio/relogio.vhd Line: 43
    Warning (13410): Pin "LEDR[14]" is stuck at GND File: /media/arqcomp/97A6-B533/Projeto_relogio/relogio.vhd Line: 43
    Warning (13410): Pin "LEDR[15]" is stuck at GND File: /media/arqcomp/97A6-B533/Projeto_relogio/relogio.vhd Line: 43
    Warning (13410): Pin "LEDR[16]" is stuck at GND File: /media/arqcomp/97A6-B533/Projeto_relogio/relogio.vhd Line: 43
    Warning (13410): Pin "LEDR[17]" is stuck at GND File: /media/arqcomp/97A6-B533/Projeto_relogio/relogio.vhd Line: 43
    Warning (13410): Pin "LEDG[1]" is stuck at GND File: /media/arqcomp/97A6-B533/Projeto_relogio/relogio.vhd Line: 44
    Warning (13410): Pin "LEDG[2]" is stuck at GND File: /media/arqcomp/97A6-B533/Projeto_relogio/relogio.vhd Line: 44
    Warning (13410): Pin "LEDG[3]" is stuck at GND File: /media/arqcomp/97A6-B533/Projeto_relogio/relogio.vhd Line: 44
    Warning (13410): Pin "LEDG[4]" is stuck at GND File: /media/arqcomp/97A6-B533/Projeto_relogio/relogio.vhd Line: 44
    Warning (13410): Pin "LEDG[5]" is stuck at GND File: /media/arqcomp/97A6-B533/Projeto_relogio/relogio.vhd Line: 44
    Warning (13410): Pin "LEDG[6]" is stuck at GND File: /media/arqcomp/97A6-B533/Projeto_relogio/relogio.vhd Line: 44
    Warning (13410): Pin "LEDG[7]" is stuck at GND File: /media/arqcomp/97A6-B533/Projeto_relogio/relogio.vhd Line: 44
    Warning (13410): Pin "HEX4[0]" is stuck at GND File: /media/arqcomp/97A6-B533/Projeto_relogio/relogio.vhd Line: 46
    Warning (13410): Pin "HEX4[1]" is stuck at GND File: /media/arqcomp/97A6-B533/Projeto_relogio/relogio.vhd Line: 46
    Warning (13410): Pin "HEX4[2]" is stuck at GND File: /media/arqcomp/97A6-B533/Projeto_relogio/relogio.vhd Line: 46
    Warning (13410): Pin "HEX4[3]" is stuck at GND File: /media/arqcomp/97A6-B533/Projeto_relogio/relogio.vhd Line: 46
    Warning (13410): Pin "HEX4[4]" is stuck at GND File: /media/arqcomp/97A6-B533/Projeto_relogio/relogio.vhd Line: 46
    Warning (13410): Pin "HEX4[5]" is stuck at GND File: /media/arqcomp/97A6-B533/Projeto_relogio/relogio.vhd Line: 46
    Warning (13410): Pin "HEX4[6]" is stuck at GND File: /media/arqcomp/97A6-B533/Projeto_relogio/relogio.vhd Line: 46
    Warning (13410): Pin "HEX5[0]" is stuck at GND File: /media/arqcomp/97A6-B533/Projeto_relogio/relogio.vhd Line: 46
    Warning (13410): Pin "HEX5[1]" is stuck at GND File: /media/arqcomp/97A6-B533/Projeto_relogio/relogio.vhd Line: 46
    Warning (13410): Pin "HEX5[2]" is stuck at GND File: /media/arqcomp/97A6-B533/Projeto_relogio/relogio.vhd Line: 46
    Warning (13410): Pin "HEX5[3]" is stuck at GND File: /media/arqcomp/97A6-B533/Projeto_relogio/relogio.vhd Line: 46
    Warning (13410): Pin "HEX5[4]" is stuck at GND File: /media/arqcomp/97A6-B533/Projeto_relogio/relogio.vhd Line: 46
    Warning (13410): Pin "HEX5[5]" is stuck at GND File: /media/arqcomp/97A6-B533/Projeto_relogio/relogio.vhd Line: 46
    Warning (13410): Pin "HEX5[6]" is stuck at GND File: /media/arqcomp/97A6-B533/Projeto_relogio/relogio.vhd Line: 46
    Warning (13410): Pin "HEX6[0]" is stuck at GND File: /media/arqcomp/97A6-B533/Projeto_relogio/relogio.vhd Line: 46
    Warning (13410): Pin "HEX6[1]" is stuck at GND File: /media/arqcomp/97A6-B533/Projeto_relogio/relogio.vhd Line: 46
    Warning (13410): Pin "HEX6[2]" is stuck at GND File: /media/arqcomp/97A6-B533/Projeto_relogio/relogio.vhd Line: 46
    Warning (13410): Pin "HEX6[3]" is stuck at GND File: /media/arqcomp/97A6-B533/Projeto_relogio/relogio.vhd Line: 46
    Warning (13410): Pin "HEX6[4]" is stuck at GND File: /media/arqcomp/97A6-B533/Projeto_relogio/relogio.vhd Line: 46
    Warning (13410): Pin "HEX6[5]" is stuck at GND File: /media/arqcomp/97A6-B533/Projeto_relogio/relogio.vhd Line: 46
    Warning (13410): Pin "HEX6[6]" is stuck at GND File: /media/arqcomp/97A6-B533/Projeto_relogio/relogio.vhd Line: 46
    Warning (13410): Pin "HEX7[0]" is stuck at GND File: /media/arqcomp/97A6-B533/Projeto_relogio/relogio.vhd Line: 46
    Warning (13410): Pin "HEX7[1]" is stuck at GND File: /media/arqcomp/97A6-B533/Projeto_relogio/relogio.vhd Line: 46
    Warning (13410): Pin "HEX7[2]" is stuck at GND File: /media/arqcomp/97A6-B533/Projeto_relogio/relogio.vhd Line: 46
    Warning (13410): Pin "HEX7[3]" is stuck at GND File: /media/arqcomp/97A6-B533/Projeto_relogio/relogio.vhd Line: 46
    Warning (13410): Pin "HEX7[4]" is stuck at GND File: /media/arqcomp/97A6-B533/Projeto_relogio/relogio.vhd Line: 46
    Warning (13410): Pin "HEX7[5]" is stuck at GND File: /media/arqcomp/97A6-B533/Projeto_relogio/relogio.vhd Line: 46
    Warning (13410): Pin "HEX7[6]" is stuck at GND File: /media/arqcomp/97A6-B533/Projeto_relogio/relogio.vhd Line: 46
Info (286030): Timing-Driven Synthesis is running
Info (16010): Generating hard_block partition "hard_block:auto_generated_inst"
    Info (16011): Adding 0 node(s), including 0 DDIO, 0 PLL, 0 transceiver and 0 LCELL
Warning (21074): Design contains 20 input pin(s) that do not drive logic
    Warning (15610): No output dependent on input pin "KEY[0]" File: /media/arqcomp/97A6-B533/Projeto_relogio/relogio.vhd Line: 27
    Warning (15610): No output dependent on input pin "KEY[1]" File: /media/arqcomp/97A6-B533/Projeto_relogio/relogio.vhd Line: 27
    Warning (15610): No output dependent on input pin "KEY[2]" File: /media/arqcomp/97A6-B533/Projeto_relogio/relogio.vhd Line: 27
    Warning (15610): No output dependent on input pin "KEY[3]" File: /media/arqcomp/97A6-B533/Projeto_relogio/relogio.vhd Line: 27
    Warning (15610): No output dependent on input pin "SW[2]" File: /media/arqcomp/97A6-B533/Projeto_relogio/relogio.vhd Line: 29
    Warning (15610): No output dependent on input pin "SW[3]" File: /media/arqcomp/97A6-B533/Projeto_relogio/relogio.vhd Line: 29
    Warning (15610): No output dependent on input pin "SW[4]" File: /media/arqcomp/97A6-B533/Projeto_relogio/relogio.vhd Line: 29
    Warning (15610): No output dependent on input pin "SW[5]" File: /media/arqcomp/97A6-B533/Projeto_relogio/relogio.vhd Line: 29
    Warning (15610): No output dependent on input pin "SW[6]" File: /media/arqcomp/97A6-B533/Projeto_relogio/relogio.vhd Line: 29
    Warning (15610): No output dependent on input pin "SW[7]" File: /media/arqcomp/97A6-B533/Projeto_relogio/relogio.vhd Line: 29
    Warning (15610): No output dependent on input pin "SW[8]" File: /media/arqcomp/97A6-B533/Projeto_relogio/relogio.vhd Line: 29
    Warning (15610): No output dependent on input pin "SW[9]" File: /media/arqcomp/97A6-B533/Projeto_relogio/relogio.vhd Line: 29
    Warning (15610): No output dependent on input pin "SW[10]" File: /media/arqcomp/97A6-B533/Projeto_relogio/relogio.vhd Line: 29
    Warning (15610): No output dependent on input pin "SW[11]" File: /media/arqcomp/97A6-B533/Projeto_relogio/relogio.vhd Line: 29
    Warning (15610): No output dependent on input pin "SW[12]" File: /media/arqcomp/97A6-B533/Projeto_relogio/relogio.vhd Line: 29
    Warning (15610): No output dependent on input pin "SW[13]" File: /media/arqcomp/97A6-B533/Projeto_relogio/relogio.vhd Line: 29
    Warning (15610): No output dependent on input pin "SW[14]" File: /media/arqcomp/97A6-B533/Projeto_relogio/relogio.vhd Line: 29
    Warning (15610): No output dependent on input pin "SW[15]" File: /media/arqcomp/97A6-B533/Projeto_relogio/relogio.vhd Line: 29
    Warning (15610): No output dependent on input pin "SW[16]" File: /media/arqcomp/97A6-B533/Projeto_relogio/relogio.vhd Line: 29
    Warning (15610): No output dependent on input pin "SW[17]" File: /media/arqcomp/97A6-B533/Projeto_relogio/relogio.vhd Line: 29
Info (21057): Implemented 825 device resources after synthesis - the final resource count might be different
    Info (21058): Implemented 23 input pins
    Info (21059): Implemented 82 output pins
    Info (21061): Implemented 720 logic cells
Info: Quartus Prime Analysis & Synthesis was successful. 0 errors, 98 warnings
    Info: Peak virtual memory: 1027 megabytes
    Info: Processing ended: Mon Oct  7 16:20:37 2019
    Info: Elapsed time: 00:00:12
    Info: Total CPU time (on all processors): 00:00:25


